

*******************************************************************************
Mon Jun 26 11:10:33 2023


FIT:    data read from 'Out.mcUnitCircle.txt' using 1:2
        format = x:z
        #datapoints = 10000
        residuals are weighted equally (unit weight)

function used for fitting: f(x)
	f(x) = A * 1 / sqrt(x) + B
fitted parameters initialized with current variable values

iter      chisq       delta/lim  lambda   A             B            
   0 9.8584614872e+03   0.00e+00  7.07e-01    1.000000e+00   1.000000e+00
   3 1.6425366289e+00  -6.41e-06  7.07e-04    1.043121e+00   6.329275e-03

After 3 iterations the fit converged.
final sum of squares of residuals : 1.64254
rel. change during last iteration : -6.4055e-11

degrees of freedom    (FIT_NDF)                        : 9998
rms of residuals      (FIT_STDFIT) = sqrt(WSSR/ndf)    : 0.0128174
variance of residuals (reduced chisquare) = WSSR/ndf   : 0.000164287

Final set of parameters            Asymptotic Standard Error
=======================            ==========================
A               = 1.04312          +/- 0.005301     (0.5082%)
B               = 0.00632928       +/- 0.0001659    (2.62%)

correlation matrix of the fit parameters:
                A      B      
A               1.000 
B              -0.635  1.000 


*******************************************************************************
Mon Jun 26 11:12:03 2023


FIT:    data read from 'Out.mcUnitCircle.txt' using 1:2
        format = x:z
        #datapoints = 10000
        residuals are weighted equally (unit weight)

function used for fitting: f(x)
	f(x) = A * 1 / sqrt(x) + B
fitted parameters initialized with current variable values

iter      chisq       delta/lim  lambda   A             B            
   0 9.8596384546e+03   0.00e+00  7.07e-01    1.000000e+00   1.000000e+00
   3 1.6348076248e+00  -8.22e-08  7.07e-04    9.873840e-01   7.375734e-03

After 3 iterations the fit converged.
final sum of squares of residuals : 1.63481
rel. change during last iteration : -8.22001e-13

degrees of freedom    (FIT_NDF)                        : 9998
rms of residuals      (FIT_STDFIT) = sqrt(WSSR/ndf)    : 0.0127872
variance of residuals (reduced chisquare) = WSSR/ndf   : 0.000163513

Final set of parameters            Asymptotic Standard Error
=======================            ==========================
A               = 0.987384         +/- 0.005289     (0.5356%)
B               = 0.00737573       +/- 0.0001655    (2.243%)

correlation matrix of the fit parameters:
                A      B      
A               1.000 
B              -0.635  1.000 


*******************************************************************************
Mon Jun 26 11:13:28 2023


FIT:    data read from 'Out.mcUnitCircle.txt' using 1:2
        format = x:z
        #datapoints = 10000
        residuals are weighted equally (unit weight)

function used for fitting: f(x)
	f(x) = A * 1 / sqrt(x) + B
fitted parameters initialized with current variable values

iter      chisq       delta/lim  lambda   A             B            
   0 9.8572911868e+03   0.00e+00  7.07e-01    1.000000e+00   1.000000e+00
   3 1.6840615658e+00  -1.83e-05  7.07e-04    1.087913e+00   5.502700e-03

After 3 iterations the fit converged.
final sum of squares of residuals : 1.68406
rel. change during last iteration : -1.8329e-10

degrees of freedom    (FIT_NDF)                        : 9998
rms of residuals      (FIT_STDFIT) = sqrt(WSSR/ndf)    : 0.0129784
variance of residuals (reduced chisquare) = WSSR/ndf   : 0.00016844

Final set of parameters            Asymptotic Standard Error
=======================            ==========================
A               = 1.08791          +/- 0.005368     (0.4934%)
B               = 0.0055027        +/- 0.0001679    (3.052%)

correlation matrix of the fit parameters:
                A      B      
A               1.000 
B              -0.635  1.000 


*******************************************************************************
Mon Jun 26 11:14:01 2023


FIT:    data read from 'Out.mcUnitCircle.txt' using 1:2
        format = x:z
        #datapoints = 10000
        residuals are weighted equally (unit weight)

function used for fitting: f(x)
	f(x) = A * 1 / sqrt(x) + B
fitted parameters initialized with current variable values

iter      chisq       delta/lim  lambda   A             B            
   0 9.8603086479e+03   0.00e+00  7.07e-01    1.000000e+00   1.000000e+00
   3 1.8758058829e+00  -1.03e-06  7.07e-04    9.533388e-01   8.030663e-03

After 3 iterations the fit converged.
final sum of squares of residuals : 1.87581
rel. change during last iteration : -1.0313e-11

degrees of freedom    (FIT_NDF)                        : 9998
rms of residuals      (FIT_STDFIT) = sqrt(WSSR/ndf)    : 0.0136974
variance of residuals (reduced chisquare) = WSSR/ndf   : 0.000187618

Final set of parameters            Asymptotic Standard Error
=======================            ==========================
A               = 0.953339         +/- 0.005665     (0.5943%)
B               = 0.00803066       +/- 0.0001772    (2.207%)

correlation matrix of the fit parameters:
                A      B      
A               1.000 
B              -0.635  1.000 


*******************************************************************************
Mon Jun 26 11:15:05 2023


FIT:    data read from 'Out.mcUnitCircle.txt' using 1:2
        format = x:z
        #datapoints = 10000
        residuals are weighted equally (unit weight)

function used for fitting: f(x)
	f(x) = A * 1 / sqrt(x) + B
fitted parameters initialized with current variable values

iter      chisq       delta/lim  lambda   A             B            
   0 9.8597309121e+03   0.00e+00  7.07e-01    1.000000e+00   1.000000e+00
   3 1.9131666274e+00  -2.95e-08  7.07e-04    9.756772e-01   7.617655e-03

After 3 iterations the fit converged.
final sum of squares of residuals : 1.91317
rel. change during last iteration : -2.95492e-13

degrees of freedom    (FIT_NDF)                        : 9998
rms of residuals      (FIT_STDFIT) = sqrt(WSSR/ndf)    : 0.0138331
variance of residuals (reduced chisquare) = WSSR/ndf   : 0.000191355

Final set of parameters            Asymptotic Standard Error
=======================            ==========================
A               = 0.975677         +/- 0.005721     (0.5864%)
B               = 0.00761765       +/- 0.000179     (2.35%)

correlation matrix of the fit parameters:
                A      B      
A               1.000 
B              -0.635  1.000 


*******************************************************************************
Mon Jun 26 11:15:35 2023


FIT:    data read from 'Out.mcUnitCircle.txt' using 1:2
        format = x:z
        #datapoints = 10000
        residuals are weighted equally (unit weight)

function used for fitting: f(x)
	f(x) = A * 1 / sqrt(x) + B
fitted parameters initialized with current variable values

iter      chisq       delta/lim  lambda   A             B            
   0 9.8582115269e+03   0.00e+00  7.07e-01    1.000000e+00   1.000000e+00
   3 1.5436830007e+00  -7.75e-06  7.07e-04    1.047297e+00   6.254082e-03

After 3 iterations the fit converged.
final sum of squares of residuals : 1.54368
rel. change during last iteration : -7.75174e-11

degrees of freedom    (FIT_NDF)                        : 9998
rms of residuals      (FIT_STDFIT) = sqrt(WSSR/ndf)    : 0.0124257
variance of residuals (reduced chisquare) = WSSR/ndf   : 0.000154399

Final set of parameters            Asymptotic Standard Error
=======================            ==========================
A               = 1.0473           +/- 0.005139     (0.4907%)
B               = 0.00625408       +/- 0.0001608    (2.571%)

correlation matrix of the fit parameters:
                A      B      
A               1.000 
B              -0.635  1.000 


*******************************************************************************
Mon Jun 26 11:19:15 2023


FIT:    data read from 'Out.mcUnitCircle.txt' using 1:2
        format = x:z
        #datapoints = 10000
        residuals are weighted equally (unit weight)

function used for fitting: f(x)
	f(x) = A * 1 / sqrt(x) + B
fitted parameters initialized with current variable values

iter      chisq       delta/lim  lambda   A             B            
   0 9.8582115269e+03   0.00e+00  7.07e-01    1.000000e+00   1.000000e+00
   3 1.5436830007e+00  -7.75e-06  7.07e-04    1.047297e+00   6.254082e-03

After 3 iterations the fit converged.
final sum of squares of residuals : 1.54368
rel. change during last iteration : -7.75174e-11

degrees of freedom    (FIT_NDF)                        : 9998
rms of residuals      (FIT_STDFIT) = sqrt(WSSR/ndf)    : 0.0124257
variance of residuals (reduced chisquare) = WSSR/ndf   : 0.000154399

Final set of parameters            Asymptotic Standard Error
=======================            ==========================
A               = 1.0473           +/- 0.005139     (0.4907%)
B               = 0.00625408       +/- 0.0001608    (2.571%)

correlation matrix of the fit parameters:
                A      B      
A               1.000 
B              -0.635  1.000 


*******************************************************************************
Mon Jun 26 11:19:26 2023


FIT:    data read from 'Out.mcUnitCircle.txt' using 1:2
        format = x:z
        #datapoints = 10000
        residuals are weighted equally (unit weight)

function used for fitting: f(x)
	f(x) = A * 1 / sqrt(x) + B
fitted parameters initialized with current variable values

iter      chisq       delta/lim  lambda   A             B            
   0 9.8594875182e+03   0.00e+00  7.07e-01    1.000000e+00   1.000000e+00
   3 1.7990268031e+00  -4.61e-07  7.07e-04    9.979303e-01   7.182168e-03

After 3 iterations the fit converged.
final sum of squares of residuals : 1.79903
rel. change during last iteration : -4.61226e-12

degrees of freedom    (FIT_NDF)                        : 9998
rms of residuals      (FIT_STDFIT) = sqrt(WSSR/ndf)    : 0.0134141
variance of residuals (reduced chisquare) = WSSR/ndf   : 0.000179939

Final set of parameters            Asymptotic Standard Error
=======================            ==========================
A               = 0.99793          +/- 0.005548     (0.556%)
B               = 0.00718217       +/- 0.0001736    (2.417%)

correlation matrix of the fit parameters:
                A      B      
A               1.000 
B              -0.635  1.000 


*******************************************************************************
Mon Jun 26 11:20:40 2023


FIT:    data read from 'Out.mcUnitCircle.txt' using 1:2
        format = x:z
        #datapoints = 10000
        residuals are weighted equally (unit weight)

function used for fitting: f(x)
	f(x) = A * 1 / sqrt(x) + B
fitted parameters initialized with current variable values

iter      chisq       delta/lim  lambda   A             B            
   0 9.8579444409e+03   0.00e+00  7.07e-01    1.000000e+00   1.000000e+00
   3 1.6358055603e+00  -1.28e-05  7.07e-04    1.068861e+00   5.844767e-03

After 3 iterations the fit converged.
final sum of squares of residuals : 1.63581
rel. change during last iteration : -1.27805e-10

degrees of freedom    (FIT_NDF)                        : 9998
rms of residuals      (FIT_STDFIT) = sqrt(WSSR/ndf)    : 0.0127911
variance of residuals (reduced chisquare) = WSSR/ndf   : 0.000163613

Final set of parameters            Asymptotic Standard Error
=======================            ==========================
A               = 1.06886          +/- 0.00529      (0.495%)
B               = 0.00584477       +/- 0.0001655    (2.832%)

correlation matrix of the fit parameters:
                A      B      
A               1.000 
B              -0.635  1.000 


*******************************************************************************
Mon Jun 26 11:22:23 2023


FIT:    data read from 'Out.mcUnitCircle.txt' using 1:2
        format = x:z
        #datapoints = 10000
        residuals are weighted equally (unit weight)

function used for fitting: f(x)
	f(x) = A * 1 / sqrt(x) + B
fitted parameters initialized with current variable values

iter      chisq       delta/lim  lambda   A             B            
   0 9.8594334940e+03   0.00e+00  7.07e-01    1.000000e+00   1.000000e+00
   3 2.2217987749e+00  -2.05e-06  7.07e-04    1.021664e+00   6.735093e-03

After 3 iterations the fit converged.
final sum of squares of residuals : 2.2218
rel. change during last iteration : -2.05365e-11

degrees of freedom    (FIT_NDF)                        : 9998
rms of residuals      (FIT_STDFIT) = sqrt(WSSR/ndf)    : 0.0149072
variance of residuals (reduced chisquare) = WSSR/ndf   : 0.000222224

Final set of parameters            Asymptotic Standard Error
=======================            ==========================
A               = 1.02166          +/- 0.006166     (0.6035%)
B               = 0.00673509       +/- 0.0001929    (2.864%)

correlation matrix of the fit parameters:
                A      B      
A               1.000 
B              -0.635  1.000 


*******************************************************************************
Mon Jun 26 11:22:38 2023


FIT:    data read from 'Out.mcUnitCircle.txt' using 1:2
        format = x:z
        #datapoints = 10000
        residuals are weighted equally (unit weight)

function used for fitting: f(x)
	f(x) = A * 1 / sqrt(x) + B
fitted parameters initialized with current variable values

iter      chisq       delta/lim  lambda   A             B            
   0 9.8594334940e+03   0.00e+00  7.07e-01    1.000000e+00   1.000000e+00
   3 2.2217987749e+00  -2.05e-06  7.07e-04    1.021664e+00   6.735093e-03

After 3 iterations the fit converged.
final sum of squares of residuals : 2.2218
rel. change during last iteration : -2.05365e-11

degrees of freedom    (FIT_NDF)                        : 9998
rms of residuals      (FIT_STDFIT) = sqrt(WSSR/ndf)    : 0.0149072
variance of residuals (reduced chisquare) = WSSR/ndf   : 0.000222224

Final set of parameters            Asymptotic Standard Error
=======================            ==========================
A               = 1.02166          +/- 0.006166     (0.6035%)
B               = 0.00673509       +/- 0.0001929    (2.864%)

correlation matrix of the fit parameters:
                A      B      
A               1.000 
B              -0.635  1.000 


*******************************************************************************
Mon Jun 26 11:22:50 2023


FIT:    data read from 'Out.mcUnitCircle.txt' using 1:2
        format = x:z
        #datapoints = 10000
        residuals are weighted equally (unit weight)

function used for fitting: f(x)
	f(x) = A * 1 / sqrt(x) + B
fitted parameters initialized with current variable values

iter      chisq       delta/lim  lambda   A             B            
   0 9.8588011188e+03   0.00e+00  7.07e-01    1.000000e+00   1.000000e+00
   3 1.6701207589e+00  -1.67e-06  7.07e-04    1.012684e+00   6.917358e-03

After 3 iterations the fit converged.
final sum of squares of residuals : 1.67012
rel. change during last iteration : -1.67493e-11

degrees of freedom    (FIT_NDF)                        : 9998
rms of residuals      (FIT_STDFIT) = sqrt(WSSR/ndf)    : 0.0129246
variance of residuals (reduced chisquare) = WSSR/ndf   : 0.000167045

Final set of parameters            Asymptotic Standard Error
=======================            ==========================
A               = 1.01268          +/- 0.005346     (0.5279%)
B               = 0.00691736       +/- 0.0001672    (2.418%)

correlation matrix of the fit parameters:
                A      B      
A               1.000 
B              -0.635  1.000 


*******************************************************************************
Mon Jun 26 11:23:24 2023


FIT:    data read from 'Out.mcUnitCircle.txt' using 1:2
        format = x:z
        #datapoints = 10000
        residuals are weighted equally (unit weight)

function used for fitting: f(x)
	f(x) = A * 1 / sqrt(x) + B
fitted parameters initialized with current variable values

iter      chisq       delta/lim  lambda   A             B            
   0 9.8564025518e+03   0.00e+00  7.07e-01    1.000000e+00   1.000000e+00
   3 1.6633922656e+00  -3.39e-05  7.07e-04    1.125818e+00   4.796226e-03

After 3 iterations the fit converged.
final sum of squares of residuals : 1.66339
rel. change during last iteration : -3.39288e-10

degrees of freedom    (FIT_NDF)                        : 9998
rms of residuals      (FIT_STDFIT) = sqrt(WSSR/ndf)    : 0.0128985
variance of residuals (reduced chisquare) = WSSR/ndf   : 0.000166373

Final set of parameters            Asymptotic Standard Error
=======================            ==========================
A               = 1.12582          +/- 0.005335     (0.4739%)
B               = 0.00479623       +/- 0.0001669    (3.48%)

correlation matrix of the fit parameters:
                A      B      
A               1.000 
B              -0.635  1.000 


*******************************************************************************
Mon Jun 26 11:24:19 2023


FIT:    data read from 'Out.mcUnitCircle.txt' using 1:2
        format = x:z
        #datapoints = 10000
        residuals are weighted equally (unit weight)

function used for fitting: f(x)
	f(x) = A * 1 / sqrt(x) + B
fitted parameters initialized with current variable values

iter      chisq       delta/lim  lambda   A             B            
   0 9.8581342313e+03   0.00e+00  7.07e-01    1.000000e+00   1.000000e+00
   3 1.6990495957e+00  -1.65e-05  7.07e-04    1.082961e+00   5.559068e-03

After 3 iterations the fit converged.
final sum of squares of residuals : 1.69905
rel. change during last iteration : -1.65342e-10

degrees of freedom    (FIT_NDF)                        : 9998
rms of residuals      (FIT_STDFIT) = sqrt(WSSR/ndf)    : 0.0130361
variance of residuals (reduced chisquare) = WSSR/ndf   : 0.000169939

Final set of parameters            Asymptotic Standard Error
=======================            ==========================
A               = 1.08296          +/- 0.005392     (0.4979%)
B               = 0.00555907       +/- 0.0001687    (3.034%)

correlation matrix of the fit parameters:
                A      B      
A               1.000 
B              -0.635  1.000 


*******************************************************************************
Mon Jun 26 11:25:07 2023


FIT:    data read from 'Out.mcUnitCircle.txt' using 1:2
        format = x:z
        #datapoints = 10000
        residuals are weighted equally (unit weight)

function used for fitting: f(x)
	f(x) = A * 1 / sqrt(x) + B
fitted parameters initialized with current variable values

iter      chisq       delta/lim  lambda   A             B            
   0 9.8606524404e+03   0.00e+00  7.07e-01    1.000000e+00   1.000000e+00
   3 1.7826784705e+00  -2.47e-06  7.07e-04    9.396134e-01   8.281603e-03

After 3 iterations the fit converged.
final sum of squares of residuals : 1.78268
rel. change during last iteration : -2.47234e-11

degrees of freedom    (FIT_NDF)                        : 9998
rms of residuals      (FIT_STDFIT) = sqrt(WSSR/ndf)    : 0.013353
variance of residuals (reduced chisquare) = WSSR/ndf   : 0.000178304

Final set of parameters            Asymptotic Standard Error
=======================            ==========================
A               = 0.939613         +/- 0.005523     (0.5878%)
B               = 0.0082816        +/- 0.0001728    (2.086%)

correlation matrix of the fit parameters:
                A      B      
A               1.000 
B              -0.635  1.000 


*******************************************************************************
Mon Jun 26 11:25:36 2023


FIT:    data read from 'Out.mcUnitCircle.txt' using 1:2
        format = x:z
        #datapoints = 10000
        residuals are weighted equally (unit weight)

function used for fitting: f(x)
	f(x) = A * 1 / sqrt(x) + B
fitted parameters initialized with current variable values

iter      chisq       delta/lim  lambda   A             B            
   0 9.8588555325e+03   0.00e+00  7.07e-01    1.000000e+00   1.000000e+00
   3 2.0824235666e+00  -9.87e-07  7.07e-04    1.008053e+00   7.027306e-03

After 3 iterations the fit converged.
final sum of squares of residuals : 2.08242
rel. change during last iteration : -9.86714e-12

degrees of freedom    (FIT_NDF)                        : 9998
rms of residuals      (FIT_STDFIT) = sqrt(WSSR/ndf)    : 0.014432
variance of residuals (reduced chisquare) = WSSR/ndf   : 0.000208284

Final set of parameters            Asymptotic Standard Error
=======================            ==========================
A               = 1.00805          +/- 0.005969     (0.5921%)
B               = 0.00702731       +/- 0.0001867    (2.657%)

correlation matrix of the fit parameters:
                A      B      
A               1.000 
B              -0.635  1.000 


*******************************************************************************
Mon Jun 26 12:30:05 2023


FIT:    data read from 'Out.mcUnitCircle.txt' using 1:2
        format = x:z
        #datapoints = 10000
        residuals are weighted equally (unit weight)

function used for fitting: f(x)
	f(x) = A * 1 / sqrt(x) + B
fitted parameters initialized with current variable values

iter      chisq       delta/lim  lambda   A             B            
   0 9.8572887398e+03   0.00e+00  7.07e-01    1.000000e+00   1.000000e+00
   3 1.7565392640e+00  -2.35e-05  7.07e-04    1.104766e+00   5.172825e-03

After 3 iterations the fit converged.
final sum of squares of residuals : 1.75654
rel. change during last iteration : -2.35068e-10

degrees of freedom    (FIT_NDF)                        : 9998
rms of residuals      (FIT_STDFIT) = sqrt(WSSR/ndf)    : 0.0132548
variance of residuals (reduced chisquare) = WSSR/ndf   : 0.000175689

Final set of parameters            Asymptotic Standard Error
=======================            ==========================
A               = 1.10477          +/- 0.005482     (0.4962%)
B               = 0.00517283       +/- 0.0001715    (3.316%)

correlation matrix of the fit parameters:
                A      B      
A               1.000 
B              -0.635  1.000 


*******************************************************************************
Mon Jun 26 12:30:41 2023


FIT:    data read from 'Out.mcUnitCircle.txt' using 1:2
        format = x:z
        #datapoints = 10000
        residuals are weighted equally (unit weight)

function used for fitting: f(x)
	f(x) = A * 1 / sqrt(x) + B
fitted parameters initialized with current variable values

iter      chisq       delta/lim  lambda   A             B            
   0 9.8574992282e+03   0.00e+00  7.07e-01    1.000000e+00   1.000000e+00
   3 1.8726840834e+00  -2.28e-05  7.07e-04    1.106931e+00   5.125222e-03

After 3 iterations the fit converged.
final sum of squares of residuals : 1.87268
rel. change during last iteration : -2.28226e-10

degrees of freedom    (FIT_NDF)                        : 9998
rms of residuals      (FIT_STDFIT) = sqrt(WSSR/ndf)    : 0.013686
variance of residuals (reduced chisquare) = WSSR/ndf   : 0.000187306

Final set of parameters            Asymptotic Standard Error
=======================            ==========================
A               = 1.10693          +/- 0.005661     (0.5114%)
B               = 0.00512522       +/- 0.0001771    (3.455%)

correlation matrix of the fit parameters:
                A      B      
A               1.000 
B              -0.635  1.000 


*******************************************************************************
Mon Jun 26 12:30:55 2023


FIT:    data read from 'Out.mcUnitCircle.txt' using 1:2
        format = x:z
        #datapoints = 10000
        residuals are weighted equally (unit weight)

function used for fitting: f(x)
	f(x) = A * 1 / sqrt(x) + B
fitted parameters initialized with current variable values

iter      chisq       delta/lim  lambda   A             B            
   0 9.8578132254e+03   0.00e+00  7.07e-01    1.000000e+00   1.000000e+00
   3 1.9960920216e+00  -2.71e-05  7.07e-04    1.122687e+00   4.803868e-03

After 3 iterations the fit converged.
final sum of squares of residuals : 1.99609
rel. change during last iteration : -2.70706e-10

degrees of freedom    (FIT_NDF)                        : 9998
rms of residuals      (FIT_STDFIT) = sqrt(WSSR/ndf)    : 0.0141297
variance of residuals (reduced chisquare) = WSSR/ndf   : 0.000199649

Final set of parameters            Asymptotic Standard Error
=======================            ==========================
A               = 1.12269          +/- 0.005844     (0.5205%)
B               = 0.00480387       +/- 0.0001828    (3.806%)

correlation matrix of the fit parameters:
                A      B      
A               1.000 
B              -0.635  1.000 


*******************************************************************************
Mon Jun 26 12:32:28 2023


FIT:    data read from 'Out.mcUnitCircle.txt' using 1:2
        format = x:z
        #datapoints = 10000
        residuals are weighted equally (unit weight)

function used for fitting: f(x)
	f(x) = A * 1 / sqrt(x) + B
fitted parameters initialized with current variable values

iter      chisq       delta/lim  lambda   A             B            
   0 9.8577155892e+03   0.00e+00  7.07e-01    1.000000e+00   1.000000e+00
   3 2.1307058967e+00  -7.11e-06  7.07e-04    1.055695e+00   6.142136e-03

After 3 iterations the fit converged.
final sum of squares of residuals : 2.13071
rel. change during last iteration : -7.11172e-11

degrees of freedom    (FIT_NDF)                        : 9998
rms of residuals      (FIT_STDFIT) = sqrt(WSSR/ndf)    : 0.0145984
variance of residuals (reduced chisquare) = WSSR/ndf   : 0.000213113

Final set of parameters            Asymptotic Standard Error
=======================            ==========================
A               = 1.05569          +/- 0.006038     (0.5719%)
B               = 0.00614214       +/- 0.0001889    (3.075%)

correlation matrix of the fit parameters:
                A      B      
A               1.000 
B              -0.635  1.000 


*******************************************************************************
Mon Jun 26 12:42:03 2023


FIT:    data read from 'Out.mcUnitCircle.txt' using 1:2
        format = x:z
        #datapoints = 10000
        residuals are weighted equally (unit weight)

function used for fitting: f(x)
	f(x) = A * 1 / sqrt(x) + B
fitted parameters initialized with current variable values

iter      chisq       delta/lim  lambda   A             B            
   0 9.8560619512e+03   0.00e+00  7.07e-01    1.000000e+00   1.000000e+00
   3 1.7137360664e+00  -4.78e-05  7.07e-04    1.155591e+00   4.227260e-03

After 3 iterations the fit converged.
final sum of squares of residuals : 1.71374
rel. change during last iteration : -4.77847e-10

degrees of freedom    (FIT_NDF)                        : 9998
rms of residuals      (FIT_STDFIT) = sqrt(WSSR/ndf)    : 0.0130923
variance of residuals (reduced chisquare) = WSSR/ndf   : 0.000171408

Final set of parameters            Asymptotic Standard Error
=======================            ==========================
A               = 1.15559          +/- 0.005415     (0.4686%)
B               = 0.00422726       +/- 0.0001694    (4.008%)

correlation matrix of the fit parameters:
                A      B      
A               1.000 
B              -0.635  1.000 


*******************************************************************************
Mon Jun 26 12:43:17 2023


FIT:    data read from 'Out.mcUnitCircle.txt' using 1:2
        format = x:z
        #datapoints = 10000
        residuals are weighted equally (unit weight)

function used for fitting: f(x)
	f(x) = A * 1 / sqrt(x) + B
fitted parameters initialized with current variable values

iter      chisq       delta/lim  lambda   A             B            
   0 9.8580969453e+03   0.00e+00  7.07e-01    1.000000e+00   1.000000e+00
   3 1.8150196650e+00  -6.24e-06  7.07e-04    1.045480e+00   6.309544e-03

After 3 iterations the fit converged.
final sum of squares of residuals : 1.81502
rel. change during last iteration : -6.24011e-11

degrees of freedom    (FIT_NDF)                        : 9998
rms of residuals      (FIT_STDFIT) = sqrt(WSSR/ndf)    : 0.0134736
variance of residuals (reduced chisquare) = WSSR/ndf   : 0.000181538

Final set of parameters            Asymptotic Standard Error
=======================            ==========================
A               = 1.04548          +/- 0.005573     (0.533%)
B               = 0.00630954       +/- 0.0001743    (2.763%)

correlation matrix of the fit parameters:
                A      B      
A               1.000 
B              -0.635  1.000 


*******************************************************************************
Mon Jun 26 12:43:37 2023


FIT:    data read from 'Out.mcUnitCircle.txt' using 1:2
        format = x:z
        #datapoints = 10000
        residuals are weighted equally (unit weight)

function used for fitting: f(x)
	f(x) = A * 1 / sqrt(x) + B
fitted parameters initialized with current variable values

iter      chisq       delta/lim  lambda   A             B            
   0 9.8598911679e+03   0.00e+00  7.07e-01    1.000000e+00   1.000000e+00
   3 2.1086878979e+00  -2.19e-07  7.07e-04    9.671125e-01   7.789621e-03

After 3 iterations the fit converged.
final sum of squares of residuals : 2.10869
rel. change during last iteration : -2.19234e-12

degrees of freedom    (FIT_NDF)                        : 9998
rms of residuals      (FIT_STDFIT) = sqrt(WSSR/ndf)    : 0.0145228
variance of residuals (reduced chisquare) = WSSR/ndf   : 0.000210911

Final set of parameters            Asymptotic Standard Error
=======================            ==========================
A               = 0.967113         +/- 0.006007     (0.6211%)
B               = 0.00778962       +/- 0.0001879    (2.412%)

correlation matrix of the fit parameters:
                A      B      
A               1.000 
B              -0.635  1.000 


*******************************************************************************
Mon Jun 26 12:56:30 2023


FIT:    data read from 'Out.mcUnitCircle.txt' using 1:2
        format = x:z
        #datapoints = 10000
        residuals are weighted equally (unit weight)

function used for fitting: f(x)
	f(x) = A * 1 / sqrt(x) + B
fitted parameters initialized with current variable values

iter      chisq       delta/lim  lambda   A             B            
   0 9.8561785003e+03   0.00e+00  7.07e-01    1.000000e+00   1.000000e+00
   3 1.8086306784e+00  -3.98e-05  7.07e-04    1.144613e+00   4.443164e-03

After 3 iterations the fit converged.
final sum of squares of residuals : 1.80863
rel. change during last iteration : -3.97842e-10

degrees of freedom    (FIT_NDF)                        : 9998
rms of residuals      (FIT_STDFIT) = sqrt(WSSR/ndf)    : 0.0134499
variance of residuals (reduced chisquare) = WSSR/ndf   : 0.000180899

Final set of parameters            Asymptotic Standard Error
=======================            ==========================
A               = 1.14461          +/- 0.005563     (0.486%)
B               = 0.00444316       +/- 0.000174     (3.917%)

correlation matrix of the fit parameters:
                A      B      
A               1.000 
B              -0.635  1.000 


*******************************************************************************
Mon Jun 26 12:58:21 2023


FIT:    data read from 'Out.mcUnitCircle.txt' using 1:2
        format = x:z
        #datapoints = 10000
        residuals are weighted equally (unit weight)

function used for fitting: f(x)
	f(x) = A * 1 / sqrt(x) + B
fitted parameters initialized with current variable values

iter      chisq       delta/lim  lambda   A             B            
   0 9.8594827869e+03   0.00e+00  7.07e-01    1.000000e+00   1.000000e+00
   3 1.7630030571e+00  -1.01e-07  7.07e-04    9.884664e-01   7.368529e-03

After 3 iterations the fit converged.
final sum of squares of residuals : 1.763
rel. change during last iteration : -1.01198e-12

degrees of freedom    (FIT_NDF)                        : 9998
rms of residuals      (FIT_STDFIT) = sqrt(WSSR/ndf)    : 0.0132791
variance of residuals (reduced chisquare) = WSSR/ndf   : 0.000176336

Final set of parameters            Asymptotic Standard Error
=======================            ==========================
A               = 0.988466         +/- 0.005492     (0.5556%)
B               = 0.00736853       +/- 0.0001718    (2.332%)

correlation matrix of the fit parameters:
                A      B      
A               1.000 
B              -0.635  1.000 


*******************************************************************************
Mon Jun 26 13:00:40 2023


FIT:    data read from 'Out.mcUnitCircle.txt' using 1:2
        format = x:z
        #datapoints = 10000
        residuals are weighted equally (unit weight)

function used for fitting: f(x)
	f(x) = A * 1 / sqrt(x) + B
fitted parameters initialized with current variable values

iter      chisq       delta/lim  lambda   A             B            
   0 9.8575753404e+03   0.00e+00  7.07e-01    1.000000e+00   1.000000e+00
   3 1.6812682705e+00  -2.04e-05  7.07e-04    1.093786e+00   5.371967e-03

After 3 iterations the fit converged.
final sum of squares of residuals : 1.68127
rel. change during last iteration : -2.04177e-10

degrees of freedom    (FIT_NDF)                        : 9998
rms of residuals      (FIT_STDFIT) = sqrt(WSSR/ndf)    : 0.0129677
variance of residuals (reduced chisquare) = WSSR/ndf   : 0.00016816

Final set of parameters            Asymptotic Standard Error
=======================            ==========================
A               = 1.09379          +/- 0.005363     (0.4904%)
B               = 0.00537197       +/- 0.0001678    (3.124%)

correlation matrix of the fit parameters:
                A      B      
A               1.000 
B              -0.635  1.000 


*******************************************************************************
Mon Jun 26 13:04:43 2023


FIT:    data read from 'Out.mcUnitCircle.txt' using 1:2
        format = x:z
        #datapoints = 10000
        residuals are weighted equally (unit weight)

function used for fitting: f(x)
	f(x) = A * 1 / sqrt(x) + B
fitted parameters initialized with current variable values

iter      chisq       delta/lim  lambda   A             B            
   0 9.8590186116e+03   0.00e+00  7.07e-01    1.000000e+00   1.000000e+00
   3 2.2379417816e+00  -2.56e-06  7.07e-04    1.026686e+00   6.657158e-03

After 3 iterations the fit converged.
final sum of squares of residuals : 2.23794
rel. change during last iteration : -2.56374e-11

degrees of freedom    (FIT_NDF)                        : 9998
rms of residuals      (FIT_STDFIT) = sqrt(WSSR/ndf)    : 0.0149612
variance of residuals (reduced chisquare) = WSSR/ndf   : 0.000223839

Final set of parameters            Asymptotic Standard Error
=======================            ==========================
A               = 1.02669          +/- 0.006188     (0.6027%)
B               = 0.00665716       +/- 0.0001936    (2.908%)

correlation matrix of the fit parameters:
                A      B      
A               1.000 
B              -0.635  1.000 


*******************************************************************************
Mon Jun 26 13:06:03 2023


FIT:    data read from 'Out.mcUnitCircle.txt' using 1:2
        format = x:z
        #datapoints = 10000
        residuals are weighted equally (unit weight)

function used for fitting: f(x)
	f(x) = A * 1 / sqrt(x) + B
fitted parameters initialized with current variable values

iter      chisq       delta/lim  lambda   A             B            
   0 9.8575103967e+03   0.00e+00  7.07e-01    1.000000e+00   1.000000e+00
   3 1.7339472476e+00  -1.51e-05  7.07e-04    1.079437e+00   5.662053e-03

After 3 iterations the fit converged.
final sum of squares of residuals : 1.73395
rel. change during last iteration : -1.51081e-10

degrees of freedom    (FIT_NDF)                        : 9998
rms of residuals      (FIT_STDFIT) = sqrt(WSSR/ndf)    : 0.0131693
variance of residuals (reduced chisquare) = WSSR/ndf   : 0.000173429

Final set of parameters            Asymptotic Standard Error
=======================            ==========================
A               = 1.07944          +/- 0.005447     (0.5046%)
B               = 0.00566205       +/- 0.0001704    (3.01%)

correlation matrix of the fit parameters:
                A      B      
A               1.000 
B              -0.635  1.000 


*******************************************************************************
Mon Jun 26 13:08:42 2023


FIT:    data read from 'Out.mcUnitCircle.txt' using 1:2
        format = x:z
        #datapoints = 10000
        residuals are weighted equally (unit weight)

function used for fitting: f(x)
	f(x) = A * 1 / sqrt(x) + B
fitted parameters initialized with current variable values

iter      chisq       delta/lim  lambda   A             B            
   0 9.8606001685e+03   0.00e+00  7.07e-01    1.000000e+00   1.000000e+00
   3 1.9673831735e+00  -2.52e-06  7.07e-04    9.371249e-01   8.343034e-03

After 3 iterations the fit converged.
final sum of squares of residuals : 1.96738
rel. change during last iteration : -2.52275e-11

degrees of freedom    (FIT_NDF)                        : 9998
rms of residuals      (FIT_STDFIT) = sqrt(WSSR/ndf)    : 0.0140277
variance of residuals (reduced chisquare) = WSSR/ndf   : 0.000196778

Final set of parameters            Asymptotic Standard Error
=======================            ==========================
A               = 0.937125         +/- 0.005802     (0.6191%)
B               = 0.00834303       +/- 0.0001815    (2.176%)

correlation matrix of the fit parameters:
                A      B      
A               1.000 
B              -0.635  1.000 


*******************************************************************************
Mon Jun 26 13:08:42 2023


FIT:    data read from "Out.qMcUnitCircle.txt" using 1:2
        format = x:z
        #datapoints = 10000
        residuals are weighted equally (unit weight)

function used for fitting: f(x)
	f(x) = A * 1 / sqrt(x) + B
fitted parameters initialized with current variable values

iter      chisq       delta/lim  lambda   A             B            
   0 9.3137172279e+00   0.00e+00  2.16e-02    9.371249e-01   8.343034e-03
   2 3.5601285074e+00  -5.64e-02  2.16e-04    6.366809e-01  -8.552093e-03

After 2 iterations the fit converged.
final sum of squares of residuals : 3.56013
rel. change during last iteration : -5.63754e-07

degrees of freedom    (FIT_NDF)                        : 9998
rms of residuals      (FIT_STDFIT) = sqrt(WSSR/ndf)    : 0.0188702
variance of residuals (reduced chisquare) = WSSR/ndf   : 0.000356084

Final set of parameters            Asymptotic Standard Error
=======================            ==========================
A               = 0.636681         +/- 0.007805     (1.226%)
B               = -0.00855209      +/- 0.0002442    (2.855%)

correlation matrix of the fit parameters:
                A      B      
A               1.000 
B              -0.635  1.000 


*******************************************************************************
Mon Jun 26 13:10:53 2023


FIT:    data read from 'Out.mcUnitCircle.txt' using 1:2
        format = x:z
        x range restricted to [0.00000 : 10000.0]
        #datapoints = 10000
        residuals are weighted equally (unit weight)

function used for fitting: f(x)
	f(x) = A * 1 / sqrt(x) + B
fitted parameters initialized with current variable values

iter      chisq       delta/lim  lambda   A             B            
   0 9.8595360490e+03   0.00e+00  7.07e-01    1.000000e+00   1.000000e+00
   3 1.6927499216e+00  -2.22e-07  7.07e-04    9.921566e-01   7.289022e-03

After 3 iterations the fit converged.
final sum of squares of residuals : 1.69275
rel. change during last iteration : -2.2192e-12

degrees of freedom    (FIT_NDF)                        : 9998
rms of residuals      (FIT_STDFIT) = sqrt(WSSR/ndf)    : 0.0130119
variance of residuals (reduced chisquare) = WSSR/ndf   : 0.000169309

Final set of parameters            Asymptotic Standard Error
=======================            ==========================
A               = 0.992157         +/- 0.005382     (0.5424%)
B               = 0.00728902       +/- 0.0001684    (2.31%)

correlation matrix of the fit parameters:
                A      B      
A               1.000 
B              -0.635  1.000 


*******************************************************************************
Mon Jun 26 13:10:53 2023


FIT:    data read from "Out.qMcUnitCircle.txt" using 1:2
        format = x:z
        x range restricted to [0.00000 : 10000.0]
        #datapoints = 10000
        residuals are weighted equally (unit weight)

function used for fitting: f(x)
	f(x) = A * 1 / sqrt(x) + B
fitted parameters initialized with current variable values

iter      chisq       delta/lim  lambda   A             B            
   0 9.5423906687e+00   0.00e+00  2.25e-02    9.921566e-01   7.289022e-03
   2 3.5601285074e+00  -1.03e-01  2.25e-04    6.366809e-01  -8.552093e-03

After 2 iterations the fit converged.
final sum of squares of residuals : 3.56013
rel. change during last iteration : -1.02541e-06

degrees of freedom    (FIT_NDF)                        : 9998
rms of residuals      (FIT_STDFIT) = sqrt(WSSR/ndf)    : 0.0188702
variance of residuals (reduced chisquare) = WSSR/ndf   : 0.000356084

Final set of parameters            Asymptotic Standard Error
=======================            ==========================
A               = 0.636681         +/- 0.007805     (1.226%)
B               = -0.00855209      +/- 0.0002442    (2.855%)

correlation matrix of the fit parameters:
                A      B      
A               1.000 
B              -0.635  1.000 


*******************************************************************************
Mon Jun 26 13:19:04 2023


FIT:    data read from 'Out.mcUnitCircle.txt' using 1:2
        format = x:z
        x range restricted to [0.00000 : 10000.0]
        #datapoints = 10000
        residuals are weighted equally (unit weight)

function used for fitting: f(x)
	f(x) = A * 1 / sqrt(x) + B
fitted parameters initialized with current variable values

iter      chisq       delta/lim  lambda   A             B            
   0 9.8575854795e+03   0.00e+00  7.07e-01    1.000000e+00   1.000000e+00
   3 1.5162517797e+00  -1.34e-05  7.07e-04    1.067525e+00   5.883295e-03

After 3 iterations the fit converged.
final sum of squares of residuals : 1.51625
rel. change during last iteration : -1.33754e-10

degrees of freedom    (FIT_NDF)                        : 9998
rms of residuals      (FIT_STDFIT) = sqrt(WSSR/ndf)    : 0.0123148
variance of residuals (reduced chisquare) = WSSR/ndf   : 0.000151656

Final set of parameters            Asymptotic Standard Error
=======================            ==========================
A               = 1.06752          +/- 0.005093     (0.4771%)
B               = 0.00588329       +/- 0.0001594    (2.709%)

correlation matrix of the fit parameters:
                A      B      
A               1.000 
B              -0.635  1.000 


*******************************************************************************
Mon Jun 26 13:19:04 2023


FIT:    data read from "Out.qMcUnitCircle.txt" using 1:2
        format = x:z
        x range restricted to [0.00000 : 10000.0]
        #datapoints = 10000
        residuals are weighted equally (unit weight)

function used for fitting: f(x)
	f(x) = A * 1 / sqrt(x) + B
fitted parameters initialized with current variable values

iter      chisq       delta/lim  lambda   A             B            
   0 9.9304287673e+00   0.00e+00  2.40e-02    1.067525e+00   5.883295e-03
   2 3.5601285074e+00  -2.59e-01  2.40e-04    6.366809e-01  -8.552092e-03

After 2 iterations the fit converged.
final sum of squares of residuals : 3.56013
rel. change during last iteration : -2.5928e-06

degrees of freedom    (FIT_NDF)                        : 9998
rms of residuals      (FIT_STDFIT) = sqrt(WSSR/ndf)    : 0.0188702
variance of residuals (reduced chisquare) = WSSR/ndf   : 0.000356084

Final set of parameters            Asymptotic Standard Error
=======================            ==========================
A               = 0.636681         +/- 0.007805     (1.226%)
B               = -0.00855209      +/- 0.0002442    (2.855%)

correlation matrix of the fit parameters:
                A      B      
A               1.000 
B              -0.635  1.000 


*******************************************************************************
Mon Jun 26 13:20:48 2023


FIT:    data read from 'Out.mcUnitCircle.txt' using 1:2
        format = x:z
        x range restricted to [0.00000 : 10000.0]
        #datapoints = 10000
        residuals are weighted equally (unit weight)

function used for fitting: f(x)
	f(x) = A * 1 / sqrt(x) + B
fitted parameters initialized with current variable values

iter      chisq       delta/lim  lambda   A             B            
   0 9.8588980694e+03   0.00e+00  7.07e-01    1.000000e+00   1.000000e+00
   3 1.5746197574e+00  -1.33e-06  7.07e-04    1.008339e+00   6.993903e-03

After 3 iterations the fit converged.
final sum of squares of residuals : 1.57462
rel. change during last iteration : -1.33201e-11

degrees of freedom    (FIT_NDF)                        : 9998
rms of residuals      (FIT_STDFIT) = sqrt(WSSR/ndf)    : 0.0125496
variance of residuals (reduced chisquare) = WSSR/ndf   : 0.000157493

Final set of parameters            Asymptotic Standard Error
=======================            ==========================
A               = 1.00834          +/- 0.005191     (0.5148%)
B               = 0.0069939        +/- 0.0001624    (2.322%)

correlation matrix of the fit parameters:
                A      B      
A               1.000 
B              -0.635  1.000 


*******************************************************************************
Mon Jun 26 13:20:48 2023


FIT:    data read from "Out.qMcUnitCircle.txt" using 1:2
        format = x:z
        x range restricted to [0.00000 : 10000.0]
        #datapoints = 10000
        residuals are weighted equally (unit weight)

function used for fitting: f(x)
	f(x) = A * 1 / sqrt(x) + B
fitted parameters initialized with current variable values

iter      chisq       delta/lim  lambda   A             B            
   0 9.6231739508e+00   0.00e+00  2.28e-02    1.008339e+00   6.993903e-03
   2 3.5601285074e+00  -1.23e-01  2.28e-04    6.366809e-01  -8.552093e-03

After 2 iterations the fit converged.
final sum of squares of residuals : 3.56013
rel. change during last iteration : -1.23146e-06

degrees of freedom    (FIT_NDF)                        : 9998
rms of residuals      (FIT_STDFIT) = sqrt(WSSR/ndf)    : 0.0188702
variance of residuals (reduced chisquare) = WSSR/ndf   : 0.000356084

Final set of parameters            Asymptotic Standard Error
=======================            ==========================
A               = 0.636681         +/- 0.007805     (1.226%)
B               = -0.00855209      +/- 0.0002442    (2.855%)

correlation matrix of the fit parameters:
                A      B      
A               1.000 
B              -0.635  1.000 


*******************************************************************************
Mon Jun 26 13:21:35 2023


FIT:    data read from 'Out.mcUnitCircle.txt' using 1:2
        format = x:z
        x range restricted to [0.00000 : 10000.0]
        #datapoints = 10000
        residuals are weighted equally (unit weight)

function used for fitting: f(x)
	f(x) = A * 1 / sqrt(x) + B
fitted parameters initialized with current variable values

iter      chisq       delta/lim  lambda   A             B            
   0 9.8610644710e+03   0.00e+00  7.07e-01    1.000000e+00   1.000000e+00
   3 2.1248664740e+00  -4.29e-06  7.07e-04    9.218129e-01   8.632232e-03

After 3 iterations the fit converged.
final sum of squares of residuals : 2.12487
rel. change during last iteration : -4.28725e-11

degrees of freedom    (FIT_NDF)                        : 9998
rms of residuals      (FIT_STDFIT) = sqrt(WSSR/ndf)    : 0.0145784
variance of residuals (reduced chisquare) = WSSR/ndf   : 0.000212529

Final set of parameters            Asymptotic Standard Error
=======================            ==========================
A               = 0.921813         +/- 0.00603      (0.6541%)
B               = 0.00863223       +/- 0.0001886    (2.185%)

correlation matrix of the fit parameters:
                A      B      
A               1.000 
B              -0.635  1.000 


*******************************************************************************
Mon Jun 26 13:21:35 2023


FIT:    data read from "Out.qMcUnitCircle.txt" using 1:2
        format = x:z
        x range restricted to [0.00000 : 10000.0]
        #datapoints = 10000
        residuals are weighted equally (unit weight)

function used for fitting: f(x)
	f(x) = A * 1 / sqrt(x) + B
fitted parameters initialized with current variable values

iter      chisq       delta/lim  lambda   A             B            
   0 9.2545323357e+00   0.00e+00  2.13e-02    9.218129e-01   8.632232e-03
   2 3.5601285074e+00  -4.83e-02  2.13e-04    6.366809e-01  -8.552093e-03

After 2 iterations the fit converged.
final sum of squares of residuals : 3.56013
rel. change during last iteration : -4.83291e-07

degrees of freedom    (FIT_NDF)                        : 9998
rms of residuals      (FIT_STDFIT) = sqrt(WSSR/ndf)    : 0.0188702
variance of residuals (reduced chisquare) = WSSR/ndf   : 0.000356084

Final set of parameters            Asymptotic Standard Error
=======================            ==========================
A               = 0.636681         +/- 0.007805     (1.226%)
B               = -0.00855209      +/- 0.0002442    (2.855%)

correlation matrix of the fit parameters:
                A      B      
A               1.000 
B              -0.635  1.000 


*******************************************************************************
Mon Jun 26 13:24:42 2023


FIT:    data read from 'Out.mcUnitCircle.txt' using 1:2
        format = x:z
        x range restricted to [0.00000 : 10000.0]
        #datapoints = 10000
        residuals are weighted equally (unit weight)

function used for fitting: f(x)
	f(x) = A * 1 / sqrt(x) + B
fitted parameters initialized with current variable values

iter      chisq       delta/lim  lambda   A             B            
   0 9.8576930495e+03   0.00e+00  7.07e-01    1.000000e+00   1.000000e+00
   3 1.7351143740e+00  -1.08e-05  7.07e-04    1.064256e+00   5.953670e-03

After 3 iterations the fit converged.
final sum of squares of residuals : 1.73511
rel. change during last iteration : -1.08288e-10

degrees of freedom    (FIT_NDF)                        : 9998
rms of residuals      (FIT_STDFIT) = sqrt(WSSR/ndf)    : 0.0131737
variance of residuals (reduced chisquare) = WSSR/ndf   : 0.000173546

Final set of parameters            Asymptotic Standard Error
=======================            ==========================
A               = 1.06426          +/- 0.005449     (0.512%)
B               = 0.00595367       +/- 0.0001705    (2.863%)

correlation matrix of the fit parameters:
                A      B      
A               1.000 
B              -0.635  1.000 


*******************************************************************************
Mon Jun 26 13:24:43 2023


FIT:    data read from "Out.qMcUnitCircle.txt" using 1:2
        format = x:z
        x range restricted to [0.00000 : 10000.0]
        #datapoints = 10000
        residuals are weighted equally (unit weight)

function used for fitting: f(x)
	f(x) = A * 1 / sqrt(x) + B
fitted parameters initialized with current variable values

iter      chisq       delta/lim  lambda   A             B            
   0 9.9165460646e+00   0.00e+00  2.39e-02    1.064256e+00   5.953670e-03
   2 3.5601285074e+00  -2.47e-01  2.39e-04    6.366809e-01  -8.552093e-03

After 2 iterations the fit converged.
final sum of squares of residuals : 3.56013
rel. change during last iteration : -2.46942e-06

degrees of freedom    (FIT_NDF)                        : 9998
rms of residuals      (FIT_STDFIT) = sqrt(WSSR/ndf)    : 0.0188702
variance of residuals (reduced chisquare) = WSSR/ndf   : 0.000356084

Final set of parameters            Asymptotic Standard Error
=======================            ==========================
A               = 0.636681         +/- 0.007805     (1.226%)
B               = -0.00855209      +/- 0.0002442    (2.855%)

correlation matrix of the fit parameters:
                A      B      
A               1.000 
B              -0.635  1.000 


*******************************************************************************
Mon Jun 26 13:25:58 2023


FIT:    data read from 'Out.mcUnitCircle.txt' using 1:2
        format = x:z
        x range restricted to [0.00000 : 10000.0]
        #datapoints = 10000
        residuals are weighted equally (unit weight)

function used for fitting: f(x)
	f(x) = A * 1 / sqrt(x) + B
fitted parameters initialized with current variable values

iter      chisq       delta/lim  lambda   A             B            
   0 9.8593453872e+03   0.00e+00  7.07e-01    1.000000e+00   1.000000e+00
   3 1.8490156525e+00  -3.21e-07  7.07e-04    9.951961e-01   7.246135e-03

After 3 iterations the fit converged.
final sum of squares of residuals : 1.84902
rel. change during last iteration : -3.20515e-12

degrees of freedom    (FIT_NDF)                        : 9998
rms of residuals      (FIT_STDFIT) = sqrt(WSSR/ndf)    : 0.0135992
variance of residuals (reduced chisquare) = WSSR/ndf   : 0.000184939

Final set of parameters            Asymptotic Standard Error
=======================            ==========================
A               = 0.995196         +/- 0.005625     (0.5652%)
B               = 0.00724613       +/- 0.000176     (2.428%)

correlation matrix of the fit parameters:
                A      B      
A               1.000 
B              -0.635  1.000 


*******************************************************************************
Mon Jun 26 13:25:58 2023


FIT:    data read from "Out.qMcUnitCircle.txt" using 1:2
        format = x:z
        x range restricted to [0.00000 : 10000.0]
        #datapoints = 10000
        residuals are weighted equally (unit weight)

function used for fitting: f(x)
	f(x) = A * 1 / sqrt(x) + B
fitted parameters initialized with current variable values

iter      chisq       delta/lim  lambda   A             B            
   0 9.5630758281e+00   0.00e+00  2.26e-02    9.951961e-01   7.246135e-03
   2 3.5601285074e+00  -1.06e-01  2.26e-04    6.366809e-01  -8.552093e-03

After 2 iterations the fit converged.
final sum of squares of residuals : 3.56013
rel. change during last iteration : -1.0554e-06

degrees of freedom    (FIT_NDF)                        : 9998
rms of residuals      (FIT_STDFIT) = sqrt(WSSR/ndf)    : 0.0188702
variance of residuals (reduced chisquare) = WSSR/ndf   : 0.000356084

Final set of parameters            Asymptotic Standard Error
=======================            ==========================
A               = 0.636681         +/- 0.007805     (1.226%)
B               = -0.00855209      +/- 0.0002442    (2.855%)

correlation matrix of the fit parameters:
                A      B      
A               1.000 
B              -0.635  1.000 


*******************************************************************************
Tue Jun 27 14:02:59 2023


FIT:    data read from 'Out.mcUnitCircle.txt' using 1:2
        format = x:z
        x range restricted to [0.00000 : 10000.0]
        #datapoints = 10000
        residuals are weighted equally (unit weight)

function used for fitting: f(x)
	f(x) = A * 1 / sqrt(x) + B
fitted parameters initialized with current variable values

iter      chisq       delta/lim  lambda   A             B            
   0 9.8591968154e+03   0.00e+00  7.07e-01    1.000000e+00   1.000000e+00
   3 1.8717753595e+00  -2.15e-07  7.07e-04    9.925684e-01   7.306943e-03

After 3 iterations the fit converged.
final sum of squares of residuals : 1.87178
rel. change during last iteration : -2.14847e-12

degrees of freedom    (FIT_NDF)                        : 9998
rms of residuals      (FIT_STDFIT) = sqrt(WSSR/ndf)    : 0.0136827
variance of residuals (reduced chisquare) = WSSR/ndf   : 0.000187215

Final set of parameters            Asymptotic Standard Error
=======================            ==========================
A               = 0.992568         +/- 0.005659     (0.5702%)
B               = 0.00730694       +/- 0.000177     (2.423%)

correlation matrix of the fit parameters:
                A      B      
A               1.000 
B              -0.635  1.000 


*******************************************************************************
Tue Jun 27 14:02:59 2023


FIT:    data read from "Out.qMcUnitCircle.txt" using 1:2
        format = x:z
        x range restricted to [0.00000 : 10000.0]
        #datapoints = 10000
        residuals are weighted equally (unit weight)

function used for fitting: f(x)
	f(x) = A * 1 / sqrt(x) + B
fitted parameters initialized with current variable values

iter      chisq       delta/lim  lambda   A             B            
   0 9.5560620622e+00   0.00e+00  2.26e-02    9.925684e-01   7.306943e-03
   2 3.5601285074e+00  -1.02e-01  2.26e-04    6.366809e-01  -8.552093e-03

After 2 iterations the fit converged.
final sum of squares of residuals : 3.56013
rel. change during last iteration : -1.01962e-06

degrees of freedom    (FIT_NDF)                        : 9998
rms of residuals      (FIT_STDFIT) = sqrt(WSSR/ndf)    : 0.0188702
variance of residuals (reduced chisquare) = WSSR/ndf   : 0.000356084

Final set of parameters            Asymptotic Standard Error
=======================            ==========================
A               = 0.636681         +/- 0.007805     (1.226%)
B               = -0.00855209      +/- 0.0002442    (2.855%)

correlation matrix of the fit parameters:
                A      B      
A               1.000 
B              -0.635  1.000 


*******************************************************************************
Wed Jun 28 12:34:21 2023


FIT:    data read from 'Out.mcUnitCircle.txt' using 1:2
        format = x:z
        x range restricted to [0.00000 : 10000.0]
        #datapoints = 10000
        residuals are weighted equally (unit weight)

function used for fitting: f(x)
	f(x) = A * 1 / sqrt(x) + B
fitted parameters initialized with current variable values

iter      chisq       delta/lim  lambda   A             B            
   0 9.8598623358e+03   0.00e+00  7.07e-01    1.000000e+00   1.000000e+00
   3 1.6180315875e+00  -1.06e-07  7.07e-04    9.722585e-01   7.664102e-03

After 3 iterations the fit converged.
final sum of squares of residuals : 1.61803
rel. change during last iteration : -1.06066e-12

degrees of freedom    (FIT_NDF)                        : 9998
rms of residuals      (FIT_STDFIT) = sqrt(WSSR/ndf)    : 0.0127215
variance of residuals (reduced chisquare) = WSSR/ndf   : 0.000161836

Final set of parameters            Asymptotic Standard Error
=======================            ==========================
A               = 0.972259         +/- 0.005262     (0.5412%)
B               = 0.0076641        +/- 0.0001646    (2.148%)

correlation matrix of the fit parameters:
                A      B      
A               1.000 
B              -0.635  1.000 


*******************************************************************************
Wed Jun 28 12:34:21 2023


FIT:    data read from "Out.qMcUnitCircle.txt" using 1:2
        format = x:z
        x range restricted to [0.00000 : 10000.0]
        #datapoints = 10000
        residuals are weighted equally (unit weight)

function used for fitting: f(x)
	f(x) = A * 1 / sqrt(x) + B
fitted parameters initialized with current variable values

iter      chisq       delta/lim  lambda   A             B            
   0 9.4528609214e+00   0.00e+00  2.22e-02    9.722585e-01   7.664102e-03
   2 3.5601285074e+00  -8.21e-02  2.22e-04    6.366809e-01  -8.552093e-03

After 2 iterations the fit converged.
final sum of squares of residuals : 3.56013
rel. change during last iteration : -8.21443e-07

degrees of freedom    (FIT_NDF)                        : 9998
rms of residuals      (FIT_STDFIT) = sqrt(WSSR/ndf)    : 0.0188702
variance of residuals (reduced chisquare) = WSSR/ndf   : 0.000356084

Final set of parameters            Asymptotic Standard Error
=======================            ==========================
A               = 0.636681         +/- 0.007805     (1.226%)
B               = -0.00855209      +/- 0.0002442    (2.855%)

correlation matrix of the fit parameters:
                A      B      
A               1.000 
B              -0.635  1.000 


*******************************************************************************
Wed Jun 28 12:35:43 2023


FIT:    data read from 'Out.mcUnitCircle.txt' using 1:2
        format = x:z
        x range restricted to [0.00000 : 10000.0]
        #datapoints = 10000
        residuals are weighted equally (unit weight)

function used for fitting: f(x)
	f(x) = A * 1 / sqrt(x) + B
fitted parameters initialized with current variable values

iter      chisq       delta/lim  lambda   A             B            
   0 9.8584206805e+03   0.00e+00  7.07e-01    1.000000e+00   1.000000e+00
   3 2.1113868976e+00  -1.22e-06  7.07e-04    1.011432e+00   6.983598e-03

After 3 iterations the fit converged.
final sum of squares of residuals : 2.11139
rel. change during last iteration : -1.22438e-11

degrees of freedom    (FIT_NDF)                        : 9998
rms of residuals      (FIT_STDFIT) = sqrt(WSSR/ndf)    : 0.0145321
variance of residuals (reduced chisquare) = WSSR/ndf   : 0.000211181

Final set of parameters            Asymptotic Standard Error
=======================            ==========================
A               = 1.01143          +/- 0.006011     (0.5943%)
B               = 0.0069836        +/- 0.000188     (2.693%)

correlation matrix of the fit parameters:
                A      B      
A               1.000 
B              -0.635  1.000 


*******************************************************************************
Wed Jun 28 12:35:43 2023


FIT:    data read from "Out.qMcUnitCircle.txt" using 1:2
        format = x:z
        x range restricted to [0.00000 : 10000.0]
        #datapoints = 10000
        residuals are weighted equally (unit weight)

function used for fitting: f(x)
	f(x) = A * 1 / sqrt(x) + B
fitted parameters initialized with current variable values

iter      chisq       delta/lim  lambda   A             B            
   0 9.6601189282e+00   0.00e+00  2.29e-02    1.011432e+00   6.983598e-03
   2 3.5601285074e+00  -1.25e-01  2.29e-04    6.366809e-01  -8.552093e-03

After 2 iterations the fit converged.
final sum of squares of residuals : 3.56013
rel. change during last iteration : -1.25126e-06

degrees of freedom    (FIT_NDF)                        : 9998
rms of residuals      (FIT_STDFIT) = sqrt(WSSR/ndf)    : 0.0188702
variance of residuals (reduced chisquare) = WSSR/ndf   : 0.000356084

Final set of parameters            Asymptotic Standard Error
=======================            ==========================
A               = 0.636681         +/- 0.007805     (1.226%)
B               = -0.00855209      +/- 0.0002442    (2.855%)

correlation matrix of the fit parameters:
                A      B      
A               1.000 
B              -0.635  1.000 


*******************************************************************************
Thu Jun 29 14:02:54 2023


FIT:    data read from 'Out.mcUnitCircle.txt' using 1:2
        format = x:z
        x range restricted to [0.00000 : 10000.0]
        #datapoints = 10000
        residuals are weighted equally (unit weight)

function used for fitting: f(x)
	f(x) = A * 1 / sqrt(x) + B
fitted parameters initialized with current variable values

iter      chisq       delta/lim  lambda   A             B            
   0 9.8611526524e+03   0.00e+00  7.07e-01    1.000000e+00   1.000000e+00
   3 2.0359266624e+00  -2.43e-06  7.07e-04    9.371852e-01   8.317465e-03

After 3 iterations the fit converged.
final sum of squares of residuals : 2.03593
rel. change during last iteration : -2.43102e-11

degrees of freedom    (FIT_NDF)                        : 9998
rms of residuals      (FIT_STDFIT) = sqrt(WSSR/ndf)    : 0.01427
variance of residuals (reduced chisquare) = WSSR/ndf   : 0.000203633

Final set of parameters            Asymptotic Standard Error
=======================            ==========================
A               = 0.937185         +/- 0.005902     (0.6298%)
B               = 0.00831747       +/- 0.0001846    (2.22%)

correlation matrix of the fit parameters:
                A      B      
A               1.000 
B              -0.635  1.000 


*******************************************************************************
Thu Jun 29 14:02:54 2023


FIT:    data read from "Out.qMcUnitCircle.txt" using 1:2
        format = x:z
        x range restricted to [0.00000 : 10000.0]
        #datapoints = 10000
        residuals are weighted equally (unit weight)

function used for fitting: f(x)
	f(x) = A * 1 / sqrt(x) + B
fitted parameters initialized with current variable values

iter      chisq       delta/lim  lambda   A             B            
   0 9.3027921199e+00   0.00e+00  2.16e-02    9.371852e-01   8.317465e-03
   2 3.5601285074e+00  -5.69e-02  2.16e-04    6.366809e-01  -8.552093e-03

After 2 iterations the fit converged.
final sum of squares of residuals : 3.56013
rel. change during last iteration : -5.68744e-07

degrees of freedom    (FIT_NDF)                        : 9998
rms of residuals      (FIT_STDFIT) = sqrt(WSSR/ndf)    : 0.0188702
variance of residuals (reduced chisquare) = WSSR/ndf   : 0.000356084

Final set of parameters            Asymptotic Standard Error
=======================            ==========================
A               = 0.636681         +/- 0.007805     (1.226%)
B               = -0.00855209      +/- 0.0002442    (2.855%)

correlation matrix of the fit parameters:
                A      B      
A               1.000 
B              -0.635  1.000 


*******************************************************************************
Thu Jun 29 14:42:52 2023


FIT:    data read from 'Out.mcUnitCircle.txt' using 1:2
        format = x:z
        x range restricted to [0.00000 : 10000.0]
        #datapoints = 10000
        residuals are weighted equally (unit weight)

function used for fitting: f(x)
	f(x) = A * 1 / sqrt(x) + B
fitted parameters initialized with current variable values

iter      chisq       delta/lim  lambda   A             B            
   0 9.8607354310e+03   0.00e+00  7.07e-01    1.000000e+00   1.000000e+00
   3 2.1922463874e+00  -1.05e-06  7.07e-04    9.508551e-01   8.074489e-03

After 3 iterations the fit converged.
final sum of squares of residuals : 2.19225
rel. change during last iteration : -1.05261e-11

degrees of freedom    (FIT_NDF)                        : 9998
rms of residuals      (FIT_STDFIT) = sqrt(WSSR/ndf)    : 0.0148077
variance of residuals (reduced chisquare) = WSSR/ndf   : 0.000219268

Final set of parameters            Asymptotic Standard Error
=======================            ==========================
A               = 0.950855         +/- 0.006125     (0.6441%)
B               = 0.00807449       +/- 0.0001916    (2.373%)

correlation matrix of the fit parameters:
                A      B      
A               1.000 
B              -0.635  1.000 


*******************************************************************************
Thu Jun 29 14:42:52 2023


FIT:    data read from "Out.qMcUnitCircle.txt" using 1:2
        format = x:z
        x range restricted to [0.00000 : 10000.0]
        #datapoints = 10000
        residuals are weighted equally (unit weight)

function used for fitting: f(x)
	f(x) = A * 1 / sqrt(x) + B
fitted parameters initialized with current variable values

iter      chisq       delta/lim  lambda   A             B            
   0 9.3649032763e+00   0.00e+00  2.18e-02    9.508551e-01   8.074489e-03
   2 3.5601285074e+00  -6.52e-02  2.18e-04    6.366809e-01  -8.552093e-03

After 2 iterations the fit converged.
final sum of squares of residuals : 3.56013
rel. change during last iteration : -6.51794e-07

degrees of freedom    (FIT_NDF)                        : 9998
rms of residuals      (FIT_STDFIT) = sqrt(WSSR/ndf)    : 0.0188702
variance of residuals (reduced chisquare) = WSSR/ndf   : 0.000356084

Final set of parameters            Asymptotic Standard Error
=======================            ==========================
A               = 0.636681         +/- 0.007805     (1.226%)
B               = -0.00855209      +/- 0.0002442    (2.855%)

correlation matrix of the fit parameters:
                A      B      
A               1.000 
B              -0.635  1.000 


*******************************************************************************
Thu Jun 29 14:43:57 2023


FIT:    data read from 'Out.mcUnitCircle.txt' using 1:2
        format = x:z
        x range restricted to [0.00000 : 10000.0]
        #datapoints = 10000
        residuals are weighted equally (unit weight)

function used for fitting: f(x)
	f(x) = A * 1 / sqrt(x) + B
fitted parameters initialized with current variable values

iter      chisq       delta/lim  lambda   A             B            
   0 9.8589753384e+03   0.00e+00  7.07e-01    1.000000e+00   1.000000e+00
   3 1.8953734864e+00  -4.20e-06  7.07e-04    1.034910e+00   6.478963e-03

After 3 iterations the fit converged.
final sum of squares of residuals : 1.89537
rel. change during last iteration : -4.19516e-11

degrees of freedom    (FIT_NDF)                        : 9998
rms of residuals      (FIT_STDFIT) = sqrt(WSSR/ndf)    : 0.0137686
variance of residuals (reduced chisquare) = WSSR/ndf   : 0.000189575

Final set of parameters            Asymptotic Standard Error
=======================            ==========================
A               = 1.03491          +/- 0.005695     (0.5503%)
B               = 0.00647896       +/- 0.0001782    (2.75%)

correlation matrix of the fit parameters:
                A      B      
A               1.000 
B              -0.635  1.000 


*******************************************************************************
Thu Jun 29 14:43:57 2023


FIT:    data read from "Out.qMcUnitCircle.txt" using 1:2
        format = x:z
        x range restricted to [0.00000 : 10000.0]
        #datapoints = 10000
        residuals are weighted equally (unit weight)

function used for fitting: f(x)
	f(x) = A * 1 / sqrt(x) + B
fitted parameters initialized with current variable values

iter      chisq       delta/lim  lambda   A             B            
   0 9.7485316433e+00   0.00e+00  2.33e-02    1.034910e+00   6.478963e-03
   2 3.5601285074e+00  -1.71e-01  2.33e-04    6.366809e-01  -8.552093e-03

After 2 iterations the fit converged.
final sum of squares of residuals : 3.56013
rel. change during last iteration : -1.71095e-06

degrees of freedom    (FIT_NDF)                        : 9998
rms of residuals      (FIT_STDFIT) = sqrt(WSSR/ndf)    : 0.0188702
variance of residuals (reduced chisquare) = WSSR/ndf   : 0.000356084

Final set of parameters            Asymptotic Standard Error
=======================            ==========================
A               = 0.636681         +/- 0.007805     (1.226%)
B               = -0.00855209      +/- 0.0002442    (2.855%)

correlation matrix of the fit parameters:
                A      B      
A               1.000 
B              -0.635  1.000 
